c:\users\elcot\source\repos\windowsproject3\windowsproject3\debug\vc141.pdb
c:\users\elcot\source\repos\windowsproject3\windowsproject3\debug\vc141.idb
c:\users\elcot\source\repos\windowsproject3\windowsproject3\debug\windowsproject3.obj
c:\users\elcot\source\repos\windowsproject3\windowsproject3\debug\windowsproject3.res
c:\users\elcot\source\repos\windowsproject3\debug\windowsproject3.pdb
c:\users\elcot\source\repos\windowsproject3\windowsproject3\debug\windowsproject3.tlog\cl.command.1.tlog
c:\users\elcot\source\repos\windowsproject3\windowsproject3\debug\windowsproject3.tlog\cl.read.1.tlog
c:\users\elcot\source\repos\windowsproject3\windowsproject3\debug\windowsproject3.tlog\cl.write.1.tlog
c:\users\elcot\source\repos\windowsproject3\windowsproject3\debug\windowsproject3.tlog\link-cvtres.read.1.tlog
c:\users\elcot\source\repos\windowsproject3\windowsproject3\debug\windowsproject3.tlog\link-cvtres.write.1.tlog
c:\users\elcot\source\repos\windowsproject3\windowsproject3\debug\windowsproject3.tlog\link-rc.read.1.tlog
c:\users\elcot\source\repos\windowsproject3\windowsproject3\debug\windowsproject3.tlog\link-rc.write.1.tlog
c:\users\elcot\source\repos\windowsproject3\windowsproject3\debug\windowsproject3.tlog\link.15128-cvtres.read.1.tlog
c:\users\elcot\source\repos\windowsproject3\windowsproject3\debug\windowsproject3.tlog\link.15128-cvtres.write.1.tlog
c:\users\elcot\source\repos\windowsproject3\windowsproject3\debug\windowsproject3.tlog\link.15128-rc.read.1.tlog
c:\users\elcot\source\repos\windowsproject3\windowsproject3\debug\windowsproject3.tlog\link.15128-rc.write.1.tlog
c:\users\elcot\source\repos\windowsproject3\windowsproject3\debug\windowsproject3.tlog\link.15128.read.1.tlog
c:\users\elcot\source\repos\windowsproject3\windowsproject3\debug\windowsproject3.tlog\link.15128.write.1.tlog
c:\users\elcot\source\repos\windowsproject3\windowsproject3\debug\windowsproject3.tlog\link.command.1.tlog
c:\users\elcot\source\repos\windowsproject3\windowsproject3\debug\windowsproject3.tlog\link.read.1.tlog
c:\users\elcot\source\repos\windowsproject3\windowsproject3\debug\windowsproject3.tlog\link.write.1.tlog
c:\users\elcot\source\repos\windowsproject3\windowsproject3\debug\windowsproject3.tlog\rc.command.1.tlog
c:\users\elcot\source\repos\windowsproject3\windowsproject3\debug\windowsproject3.tlog\rc.read.1.tlog
c:\users\elcot\source\repos\windowsproject3\windowsproject3\debug\windowsproject3.tlog\rc.write.1.tlog
